2024-04-23 04:53:25 Loading main app package /opt/Obsidian/resources/obsidian.asar
2024-04-23 04:53:25 Checking for update using Github
2024-04-23 04:53:25 Success.
2024-04-23 04:53:25 Latest version is 1.5.12
2024-04-23 04:53:25 App is up to date.
2024-04-23 05:53:25 Checking for update using Github
2024-04-23 05:53:25 Success.
2024-04-23 05:53:25 Latest version is 1.5.12
2024-04-23 05:53:25 App is up to date.
2024-04-23 13:36:10 Checking for update using Github
2024-04-23 13:36:10 Success.
2024-04-23 13:36:10 Latest version is 1.5.12
2024-04-23 13:36:10 App is up to date.
2024-04-23 15:13:43 Checking for update using Github
2024-04-23 15:13:43 Success.
2024-04-23 15:13:43 Latest version is 1.5.12
2024-04-23 15:13:43 App is up to date.
2024-04-23 16:13:43 Checking for update using Github
2024-04-23 16:13:43 Success.
2024-04-23 16:13:43 Latest version is 1.5.12
2024-04-23 16:13:43 App is up to date.
2024-04-23 17:13:44 Checking for update using Github
2024-04-23 17:13:44 Success.
2024-04-23 17:13:44 Latest version is 1.5.12
2024-04-23 17:13:44 App is up to date.
2024-04-23 18:13:44 Checking for update using Github
2024-04-23 18:13:44 Success.
2024-04-23 18:13:44 Latest version is 1.5.12
2024-04-23 18:13:44 App is up to date.
